<html>
<head>
<title>TestNG:  Default test</title>
<link href="../testng.css" rel="stylesheet" type="text/css" />
<link href="../my-testng.css" rel="stylesheet" type="text/css" />

<style type="text/css">
.log { display: none;} 
.stack-trace { display: none;} 
</style>
<script type="text/javascript">
<!--
function flip(e) {
  current = e.style.display;
  if (current == 'block') {
    e.style.display = 'none';
    return 0;
  }
  else {
    e.style.display = 'block';
    return 1;
  }
}

function toggleBox(szDivId, elem, msg1, msg2)
{
  var res = -1;  if (document.getElementById) {
    res = flip(document.getElementById(szDivId));
  }
  else if (document.all) {
    // this is the way old msie versions work
    res = flip(document.all[szDivId]);
  }
  if(elem) {
    if(res == 0) elem.innerHTML = msg1; else elem.innerHTML = msg2;
  }

}

function toggleAllBoxes() {
  if (document.getElementsByTagName) {
    d = document.getElementsByTagName('div');
    for (i = 0; i < d.length; i++) {
      if (d[i].className == 'log') {
        flip(d[i]);
      }
    }
  }
}

// -->
</script>

</head>
<body>
<h2 align='center'>Default test</h2><table border='1' align="center">
<tr>
<td>Tests passed/Failed/Skipped:</td><td>1/1/0</td>
</tr><tr>
<td>Started on:</td><td>Tue Mar 30 17:39:59 CDT 2021</td>
</tr>
<tr><td>Total time:</td><td>81 seconds (81113 ms)</td>
</tr><tr>
<td>Included groups:</td><td></td>
</tr><tr>
<td>Excluded groups:</td><td></td>
</tr>
</table><p/>
<small><i>(Hover the method name to see the test class name)</i></small><p/>
<table width='100%' border='1' class='invocation-failed'>
<tr><td colspan='4' align='center'><b>FAILED TESTS</b></td></tr>
<tr><td><b>Test method</b></td>
<td width="30%"><b>Exception</b></td>
<td width="10%"><b>Time (seconds)</b></td>
<td><b>Instance</b></td>
</tr>
<tr>
<td title='com.sample.runner.SampleTestPOC.runScenario()'><b>runScenario</b><br>Test class: com.sample.runner.SampleTestPOC<br>Test method: Runs Cucumber Scenarios<br>Parameters: "Entity Maintenance", "Optional[New Deal Creation]"</td>
<td><div><pre>java.lang.AssertionError: no such element: Unable to locate element: {&quot;method&quot;:&quot;xpath&quot;,&quot;selector&quot;:&quot;//div[@fieldname=&apos;Entity Maintenance&apos;]&quot;}
  (Session info: chrome=89.0.4389.82)
For documentation on this error, please visit: https://www.seleniumhq.org/exceptions/no_such_element.html
Build info: version: &apos;3.141.59&apos;, revision: &apos;e82be7d358&apos;, time: &apos;2018-11-14T08:17:03&apos;
System info: host: &apos;BIZMABDUHOLIKOU&apos;, ip: &apos;192.168.1.75&apos;, os.name: &apos;Windows 10&apos;, os.arch: &apos;amd64&apos;, os.version: &apos;10.0&apos;, java.version: &apos;15.0.1&apos;
Driver info: org.openqa.selenium.chrome.ChromeDriver
Capabilities {acceptInsecureCerts: false, browserName: chrome, browserVersion: 89.0.4389.82, chrome: {chromedriverVersion: 88.0.4324.96 (68dba2d8a0b14..., userDataDir: C:\Users\MABDUH~1\AppData\L...}, goog:chromeOptions: {debuggerAddress: localhost:1587}, javascriptEnabled: true, networkConnectionEnabled: false, pageLoadStrategy: normal, platform: WINDOWS, platformName: WINDOWS, proxy: Proxy(), setWindowRect: true, strictFileInteractability: false, timeouts: {implicit: 0, pageLoad: 300000, script: 30000}, unhandledPromptBehavior: dismiss, webauthn:extension:largeBlob: true, webauthn:virtualAuthenticators: true}
Session ID: 68bd29ffd4575c414a9338b29a596001
*** Element info: {Using=xpath, value=//div[@fieldname=&apos;Entity Maintenance&apos;]}
	at org.testng.Assert.fail(Assert.java:97)
	at com.sample.stepdefs.CME_NewDealCreation.user_clicks_entity_maintenance_from_tasks(CME_NewDealCreation.java:136)
	at ?.User clicks Entity Maintenance from Tasks(file:///C:/Users/mabduholikov0418/Desktop/GuruBranch2/FCBT.DevOps.POC.Automation/src/test/resources/features/CME_NewDealCreation.feature:17)
</pre></div><a href='#' onClick='toggleBox("stack-trace383882703", this, "Click to show all stack frames", "Click to hide stack frames")'>Click to show all stack frames</a>
<div class='stack-trace' id='stack-trace383882703'><pre>java.lang.AssertionError: no such element: Unable to locate element: {&quot;method&quot;:&quot;xpath&quot;,&quot;selector&quot;:&quot;//div[@fieldname=&apos;Entity Maintenance&apos;]&quot;}
  (Session info: chrome=89.0.4389.82)
For documentation on this error, please visit: https://www.seleniumhq.org/exceptions/no_such_element.html
Build info: version: &apos;3.141.59&apos;, revision: &apos;e82be7d358&apos;, time: &apos;2018-11-14T08:17:03&apos;
System info: host: &apos;BIZMABDUHOLIKOU&apos;, ip: &apos;192.168.1.75&apos;, os.name: &apos;Windows 10&apos;, os.arch: &apos;amd64&apos;, os.version: &apos;10.0&apos;, java.version: &apos;15.0.1&apos;
Driver info: org.openqa.selenium.chrome.ChromeDriver
Capabilities {acceptInsecureCerts: false, browserName: chrome, browserVersion: 89.0.4389.82, chrome: {chromedriverVersion: 88.0.4324.96 (68dba2d8a0b14..., userDataDir: C:\Users\MABDUH~1\AppData\L...}, goog:chromeOptions: {debuggerAddress: localhost:1587}, javascriptEnabled: true, networkConnectionEnabled: false, pageLoadStrategy: normal, platform: WINDOWS, platformName: WINDOWS, proxy: Proxy(), setWindowRect: true, strictFileInteractability: false, timeouts: {implicit: 0, pageLoad: 300000, script: 30000}, unhandledPromptBehavior: dismiss, webauthn:extension:largeBlob: true, webauthn:virtualAuthenticators: true}
Session ID: 68bd29ffd4575c414a9338b29a596001
*** Element info: {Using=xpath, value=//div[@fieldname=&apos;Entity Maintenance&apos;]}
	at org.testng.Assert.fail(Assert.java:97)
	at com.sample.stepdefs.CME_NewDealCreation.user_clicks_entity_maintenance_from_tasks(CME_NewDealCreation.java:136)
	at ?.User clicks Entity Maintenance from Tasks(file:///C:/Users/mabduholikov0418/Desktop/GuruBranch2/FCBT.DevOps.POC.Automation/src/test/resources/features/CME_NewDealCreation.feature:17)
</pre></div></td>
<td>26</td>
<td>com.sample.runner.SampleTestPOC@3e08ff24</td></tr>
</table><p>
<table width='100%' border='1' class='invocation-passed'>
<tr><td colspan='4' align='center'><b>PASSED TESTS</b></td></tr>
<tr><td><b>Test method</b></td>
<td width="30%"><b>Exception</b></td>
<td width="10%"><b>Time (seconds)</b></td>
<td><b>Instance</b></td>
</tr>
<tr>
<td title='com.sample.runner.SampleTestPOC.runScenario()'><b>runScenario</b><br>Test class: com.sample.runner.SampleTestPOC<br>Test method: Runs Cucumber Scenarios<br>Parameters: "Adding New Entity Scenario", "Optional[New Deal Creation]"</td>
<td></td>
<td>53</td>
<td>com.sample.runner.SampleTestPOC@3e08ff24</td></tr>
</table><p>
</body>
</html>