<?xml version="1.0" encoding="UTF-8"?>
<!-- Generated by org.testng.reporters.JUnitReportReporter -->
<testsuite hostname="bizmabduholikou" failures="1" tests="2" name="com.sample.runner.SampleTestPOC" time="79.956" errors="0" timestamp="2021-03-30T17:41:21 CDT" skipped="0">
  <testcase classname="com.sample.runner.SampleTestPOC" name="runScenario" time="53.808"/>
  <system-out/>
  <testcase classname="com.sample.runner.SampleTestPOC" name="runScenario" time="26.148">
    <failure message="no such element: Unable to locate element: {&quot;method&quot;:&quot;xpath&quot;,&quot;selector&quot;:&quot;//div[@fieldname=&#039;Entity Maintenance&#039;]&quot;}
  (Session info: chrome=89.0.4389.82)
For documentation on this error, please visit: https://www.seleniumhq.org/exceptions/no_such_element.html
Build info: version: &#039;3.141.59&#039;, revision: &#039;e82be7d358&#039;, time: &#039;2018-11-14T08:17:03&#039;
System info: host: &#039;BIZMABDUHOLIKOU&#039;, ip: &#039;192.168.1.75&#039;, os.name: &#039;Windows 10&#039;, os.arch: &#039;amd64&#039;, os.version: &#039;10.0&#039;, java.version: &#039;15.0.1&#039;
Driver info: org.openqa.selenium.chrome.ChromeDriver
Capabilities {acceptInsecureCerts: false, browserName: chrome, browserVersion: 89.0.4389.82, chrome: {chromedriverVersion: 88.0.4324.96 (68dba2d8a0b14..., userDataDir: C:\Users\MABDUH~1\AppData\L...}, goog:chromeOptions: {debuggerAddress: localhost:1587}, javascriptEnabled: true, networkConnectionEnabled: false, pageLoadStrategy: normal, platform: WINDOWS, platformName: WINDOWS, proxy: Proxy(), setWindowRect: true, strictFileInteractability: false, timeouts: {implicit: 0, pageLoad: 300000, script: 30000}, unhandledPromptBehavior: dismiss, webauthn:extension:largeBlob: true, webauthn:virtualAuthenticators: true}
Session ID: 68bd29ffd4575c414a9338b29a596001
*** Element info: {Using=xpath, value=//div[@fieldname=&#039;Entity Maintenance&#039;]}" type="java.lang.AssertionError">
      <![CDATA[java.lang.AssertionError: no such element: Unable to locate element: {"method":"xpath","selector":"//div[@fieldname='Entity Maintenance']"}
  (Session info: chrome=89.0.4389.82)
For documentation on this error, please visit: https://www.seleniumhq.org/exceptions/no_such_element.html
Build info: version: '3.141.59', revision: 'e82be7d358', time: '2018-11-14T08:17:03'
System info: host: 'BIZMABDUHOLIKOU', ip: '192.168.1.75', os.name: 'Windows 10', os.arch: 'amd64', os.version: '10.0', java.version: '15.0.1'
Driver info: org.openqa.selenium.chrome.ChromeDriver
Capabilities {acceptInsecureCerts: false, browserName: chrome, browserVersion: 89.0.4389.82, chrome: {chromedriverVersion: 88.0.4324.96 (68dba2d8a0b14..., userDataDir: C:\Users\MABDUH~1\AppData\L...}, goog:chromeOptions: {debuggerAddress: localhost:1587}, javascriptEnabled: true, networkConnectionEnabled: false, pageLoadStrategy: normal, platform: WINDOWS, platformName: WINDOWS, proxy: Proxy(), setWindowRect: true, strictFileInteractability: false, timeouts: {implicit: 0, pageLoad: 300000, script: 30000}, unhandledPromptBehavior: dismiss, webauthn:extension:largeBlob: true, webauthn:virtualAuthenticators: true}
Session ID: 68bd29ffd4575c414a9338b29a596001
*** Element info: {Using=xpath, value=//div[@fieldname='Entity Maintenance']}
at org.testng.Assert.fail(Assert.java:97)
at com.sample.stepdefs.CME_NewDealCreation.user_clicks_entity_maintenance_from_tasks(CME_NewDealCreation.java:136)
at âœ½.User clicks Entity Maintenance from Tasks(file:///C:/Users/mabduholikov0418/Desktop/GuruBranch2/FCBT.DevOps.POC.Automation/src/test/resources/features/CME_NewDealCreation.feature:17)
]]>
    </failure>
  </testcase> <!-- runScenario -->
  <system-out/>
</testsuite> <!-- com.sample.runner.SampleTestPOC -->
